<?xml version="1.0" encoding="UTF-8"?>
<testsuite name="com.simplesurance.tests.CreateCertificateTest" tests="4" skipped="0" failures="0" errors="0" timestamp="2018-09-30T02:40:06" hostname="RINMAC182" time="27.846">
  <properties/>
  <testcase name="testCaseID003_ValidateCertificateHeader" classname="com.simplesurance.tests.CreateCertificateTest" time="4.291"/>
  <testcase name="testCaseID004_ValidateDefaultCountry" classname="com.simplesurance.tests.CreateCertificateTest" time="0.168"/>
  <testcase name="testCaseID005_ValidateDefaultOriginalPrice" classname="com.simplesurance.tests.CreateCertificateTest" time="0.09"/>
  <testcase name="testCaseID006_CreateCertificate" classname="com.simplesurance.tests.CreateCertificateTest" time="23.295"/>
  <system-out><![CDATA[]]></system-out>
  <system-err><![CDATA[]]></system-err>
</testsuite>
