<?xml version="1.0" encoding="UTF-8"?>
<testsuite name="com.simplesurance.tests.LoginTest" tests="2" skipped="0" failures="0" errors="0" timestamp="2018-09-30T02:38:45" hostname="RINMAC182" time="52.454">
  <properties/>
  <testcase name="testCaseID001_ValidLoginCredentials" classname="com.simplesurance.tests.LoginTest" time="29.669"/>
  <testcase name="testCaseID002_ValidateInvalidLoginCredentials" classname="com.simplesurance.tests.LoginTest" time="22.784"/>
  <system-out><![CDATA[]]></system-out>
  <system-err><![CDATA[]]></system-err>
</testsuite>
